<?xml version="1.0" encoding="UTF-8"?>
<testsuite xmlns:xsi="http://www.w3.org/2001/XMLSchema-instance" xsi:noNamespaceSchemaLocation="https://maven.apache.org/surefire/maven-surefire-plugin/xsd/surefire-test-report.xsd" name="edu.miu.NumberGame.QuizTest" time="0.026" tests="3" errors="0" skipped="0" failures="0">
  <properties>
[...]
</properties>
  <testcase name="testGetNumberCorrect" classname="edu.miu.NumberGame.QuizTest" time="0.001"/>
  <testcase name="testIsCorrect" classname="edu.miu.NumberGame.QuizTest" time="0.001"/>
  <testcase name="testGetNumberQuestions" classname="edu.miu.NumberGame.QuizTest" time="0"/>
</testsuite>